  main.cpp
D:\上大课程\计算机图形学\src\computer-graphic-labs4.0\ComputerGraphicLab\Utils.h(230,43): warning C4244: “参数”: 从“int”转换到“float”，可能丢失数据
D:\上大课程\计算机图形学\src\computer-graphic-labs4.0\ComputerGraphicLab\Utils.h(230,32): warning C4244: “参数”: 从“int”转换到“float”，可能丢失数据
D:\上大课程\计算机图形学\src\computer-graphic-labs4.0\ComputerGraphicLab\Utils.h(232,48): warning C4244: “参数”: 从“int”转换到“float”，可能丢失数据
D:\上大课程\计算机图形学\src\computer-graphic-labs4.0\ComputerGraphicLab\Utils.h(232,38): warning C4244: “参数”: 从“int”转换到“float”，可能丢失数据
D:\上大课程\计算机图形学\src\computer-graphic-labs4.0\ComputerGraphicLab\Utils.h(236,43): warning C4244: “参数”: 从“int”转换到“float”，可能丢失数据
D:\上大课程\计算机图形学\src\computer-graphic-labs4.0\ComputerGraphicLab\Utils.h(236,32): warning C4244: “参数”: 从“int”转换到“float”，可能丢失数据
D:\上大课程\计算机图形学\src\computer-graphic-labs4.0\ComputerGraphicLab\Utils.h(238,48): warning C4244: “参数”: 从“int”转换到“float”，可能丢失数据
D:\上大课程\计算机图形学\src\computer-graphic-labs4.0\ComputerGraphicLab\Utils.h(238,38): warning C4244: “参数”: 从“int”转换到“float”，可能丢失数据
D:\上大课程\计算机图形学\src\computer-graphic-labs4.0\ComputerGraphicLab\Utils.h(243,43): warning C4244: “参数”: 从“int”转换到“float”，可能丢失数据
D:\上大课程\计算机图形学\src\computer-graphic-labs4.0\ComputerGraphicLab\Utils.h(243,32): warning C4244: “参数”: 从“int”转换到“float”，可能丢失数据
D:\上大课程\计算机图形学\src\computer-graphic-labs4.0\ComputerGraphicLab\Utils.h(245,48): warning C4244: “参数”: 从“int”转换到“float”，可能丢失数据
D:\上大课程\计算机图形学\src\computer-graphic-labs4.0\ComputerGraphicLab\Utils.h(245,38): warning C4244: “参数”: 从“int”转换到“float”，可能丢失数据
D:\上大课程\计算机图形学\src\computer-graphic-labs4.0\ComputerGraphicLab\Utils.h(249,43): warning C4244: “参数”: 从“int”转换到“float”，可能丢失数据
D:\上大课程\计算机图形学\src\computer-graphic-labs4.0\ComputerGraphicLab\Utils.h(249,32): warning C4244: “参数”: 从“int”转换到“float”，可能丢失数据
D:\上大课程\计算机图形学\src\computer-graphic-labs4.0\ComputerGraphicLab\Utils.h(251,48): warning C4244: “参数”: 从“int”转换到“float”，可能丢失数据
D:\上大课程\计算机图形学\src\computer-graphic-labs4.0\ComputerGraphicLab\Utils.h(251,38): warning C4244: “参数”: 从“int”转换到“float”，可能丢失数据
D:\上大课程\计算机图形学\src\computer-graphic-labs4.0\ComputerGraphicLab\Utils.h(256,40): warning C4244: “参数”: 从“int”转换到“float”，可能丢失数据
D:\上大课程\计算机图形学\src\computer-graphic-labs4.0\ComputerGraphicLab\Utils.h(256,32): warning C4244: “参数”: 从“int”转换到“float”，可能丢失数据
D:\上大课程\计算机图形学\src\computer-graphic-labs4.0\ComputerGraphicLab\Utils.h(258,42): warning C4244: “参数”: 从“int”转换到“float”，可能丢失数据
D:\上大课程\计算机图形学\src\computer-graphic-labs4.0\ComputerGraphicLab\Utils.h(258,35): warning C4244: “参数”: 从“int”转换到“float”，可能丢失数据
D:\上大课程\计算机图形学\src\computer-graphic-labs4.0\ComputerGraphicLab\Utils.h(261,40): warning C4244: “参数”: 从“int”转换到“float”，可能丢失数据
D:\上大课程\计算机图形学\src\computer-graphic-labs4.0\ComputerGraphicLab\Utils.h(261,32): warning C4244: “参数”: 从“int”转换到“float”，可能丢失数据
D:\上大课程\计算机图形学\src\computer-graphic-labs4.0\ComputerGraphicLab\Utils.h(263,42): warning C4244: “参数”: 从“int”转换到“float”，可能丢失数据
D:\上大课程\计算机图形学\src\computer-graphic-labs4.0\ComputerGraphicLab\Utils.h(263,35): warning C4244: “参数”: 从“int”转换到“float”，可能丢失数据
D:\上大课程\计算机图形学\src\computer-graphic-labs4.0\ComputerGraphicLab\Utils.h(266,40): warning C4244: “参数”: 从“int”转换到“float”，可能丢失数据
D:\上大课程\计算机图形学\src\computer-graphic-labs4.0\ComputerGraphicLab\Utils.h(266,32): warning C4244: “参数”: 从“int”转换到“float”，可能丢失数据
D:\上大课程\计算机图形学\src\computer-graphic-labs4.0\ComputerGraphicLab\Utils.h(268,42): warning C4244: “参数”: 从“int”转换到“float”，可能丢失数据
D:\上大课程\计算机图形学\src\computer-graphic-labs4.0\ComputerGraphicLab\Utils.h(268,35): warning C4244: “参数”: 从“int”转换到“float”，可能丢失数据
D:\上大课程\计算机图形学\src\computer-graphic-labs4.0\ComputerGraphicLab\Utils.h(271,40): warning C4244: “参数”: 从“int”转换到“float”，可能丢失数据
D:\上大课程\计算机图形学\src\computer-graphic-labs4.0\ComputerGraphicLab\Utils.h(271,32): warning C4244: “参数”: 从“int”转换到“float”，可能丢失数据
D:\上大课程\计算机图形学\src\computer-graphic-labs4.0\ComputerGraphicLab\Utils.h(273,42): warning C4244: “参数”: 从“int”转换到“float”，可能丢失数据
D:\上大课程\计算机图形学\src\computer-graphic-labs4.0\ComputerGraphicLab\Utils.h(273,35): warning C4244: “参数”: 从“int”转换到“float”，可能丢失数据
D:\上大课程\计算机图形学\src\computer-graphic-labs4.0\ComputerGraphicLab\Painting.h(730,10): warning C4244: “初始化”: 从“double”转换到“float”，可能丢失数据
D:\上大课程\计算机图形学\src\computer-graphic-labs4.0\ComputerGraphicLab\Painting.h(739,20): warning C4244: “参数”: 从“float”转换到“int”，可能丢失数据
D:\上大课程\计算机图形学\src\computer-graphic-labs4.0\ComputerGraphicLab\Painting.h(739,17): warning C4244: “参数”: 从“float”转换到“int”，可能丢失数据
D:\上大课程\计算机图形学\src\computer-graphic-labs4.0\ComputerGraphicLab\Painting.h(763,6): warning C4244: “=”: 从“double”转换到“float”，可能丢失数据
D:\上大课程\计算机图形学\src\computer-graphic-labs4.0\ComputerGraphicLab\Painting.h(764,8): warning C4244: “=”: 从“double”转换到“float”，可能丢失数据
D:\上大课程\计算机图形学\src\computer-graphic-labs4.0\ComputerGraphicLab\Painting.h(770,20): warning C4244: “参数”: 从“float”转换到“int”，可能丢失数据
D:\上大课程\计算机图形学\src\computer-graphic-labs4.0\ComputerGraphicLab\Painting.h(770,17): warning C4244: “参数”: 从“float”转换到“int”，可能丢失数据
D:\上大课程\计算机图形学\src\computer-graphic-labs4.0\ComputerGraphicLab\Painting.h(852,8): warning C4244: “=”: 从“double”转换到“float”，可能丢失数据
D:\上大课程\计算机图形学\src\computer-graphic-labs4.0\ComputerGraphicLab\Painting.h(853,9): warning C4244: “=”: 从“double”转换到“float”，可能丢失数据
D:\上大课程\计算机图形学\src\computer-graphic-labs4.0\ComputerGraphicLab\Painting.h(861,20): warning C4244: “参数”: 从“float”转换到“int”，可能丢失数据
D:\上大课程\计算机图形学\src\computer-graphic-labs4.0\ComputerGraphicLab\Painting.h(861,16): warning C4244: “参数”: 从“float”转换到“int”，可能丢失数据
D:\上大课程\计算机图形学\src\computer-graphic-labs4.0\ComputerGraphicLab\Painting.h(884,20): warning C4244: “参数”: 从“float”转换到“int”，可能丢失数据
D:\上大课程\计算机图形学\src\computer-graphic-labs4.0\ComputerGraphicLab\Painting.h(884,16): warning C4244: “参数”: 从“float”转换到“int”，可能丢失数据
D:\上大课程\计算机图形学\src\computer-graphic-labs4.0\ComputerGraphicLab\Painting.h(892,20): warning C4244: “参数”: 从“float”转换到“int”，可能丢失数据
D:\上大课程\计算机图形学\src\computer-graphic-labs4.0\ComputerGraphicLab\Painting.h(892,16): warning C4244: “参数”: 从“float”转换到“int”，可能丢失数据
D:\上大课程\计算机图形学\src\computer-graphic-labs4.0\ComputerGraphicLab\Painting.h(915,20): warning C4244: “参数”: 从“float”转换到“int”，可能丢失数据
D:\上大课程\计算机图形学\src\computer-graphic-labs4.0\ComputerGraphicLab\Painting.h(915,16): warning C4244: “参数”: 从“float”转换到“int”，可能丢失数据
D:\上大课程\计算机图形学\src\computer-graphic-labs4.0\ComputerGraphicLab\Painting.h(923,20): warning C4244: “参数”: 从“float”转换到“int”，可能丢失数据
D:\上大课程\计算机图形学\src\computer-graphic-labs4.0\ComputerGraphicLab\Painting.h(923,16): warning C4244: “参数”: 从“float”转换到“int”，可能丢失数据
D:\上大课程\计算机图形学\src\computer-graphic-labs4.0\ComputerGraphicLab\Painting.h(931,20): warning C4244: “参数”: 从“float”转换到“int”，可能丢失数据
D:\上大课程\计算机图形学\src\computer-graphic-labs4.0\ComputerGraphicLab\Painting.h(931,16): warning C4244: “参数”: 从“float”转换到“int”，可能丢失数据
D:\上大课程\计算机图形学\src\computer-graphic-labs4.0\ComputerGraphicLab\Painting.h(1292,21): warning C4244: “参数”: 从“int”转换到“float”，可能丢失数据
D:\上大课程\计算机图形学\src\computer-graphic-labs4.0\ComputerGraphicLab\Painting.h(1292,17): warning C4244: “参数”: 从“int”转换到“float”，可能丢失数据
D:\上大课程\计算机图形学\src\computer-graphic-labs4.0\ComputerGraphicLab\Painting.h(1293,21): warning C4244: “参数”: 从“int”转换到“float”，可能丢失数据
D:\上大课程\计算机图形学\src\computer-graphic-labs4.0\ComputerGraphicLab\Painting.h(1293,17): warning C4244: “参数”: 从“int”转换到“float”，可能丢失数据
D:\上大课程\计算机图形学\src\computer-graphic-labs4.0\ComputerGraphicLab\Painting.h(1303,8): warning C4244: “=”: 从“int”转换到“float”，可能丢失数据
D:\上大课程\计算机图形学\src\computer-graphic-labs4.0\ComputerGraphicLab\Painting.h(1304,11): warning C4244: “=”: 从“int”转换到“float”，可能丢失数据
D:\上大课程\计算机图形学\src\computer-graphic-labs4.0\ComputerGraphicLab\Painting.h(1308,8): warning C4244: “=”: 从“int”转换到“float”，可能丢失数据
D:\上大课程\计算机图形学\src\computer-graphic-labs4.0\ComputerGraphicLab\Painting.h(1309,11): warning C4244: “=”: 从“int”转换到“float”，可能丢失数据
D:\上大课程\计算机图形学\src\computer-graphic-labs4.0\ComputerGraphicLab\Painting.h(1313,8): warning C4244: “=”: 从“int”转换到“float”，可能丢失数据
D:\上大课程\计算机图形学\src\computer-graphic-labs4.0\ComputerGraphicLab\Painting.h(1314,11): warning C4244: “=”: 从“int”转换到“float”，可能丢失数据
D:\上大课程\计算机图形学\src\computer-graphic-labs4.0\ComputerGraphicLab\Painting.h(1318,8): warning C4244: “=”: 从“int”转换到“float”，可能丢失数据
D:\上大课程\计算机图形学\src\computer-graphic-labs4.0\ComputerGraphicLab\Painting.h(1319,11): warning C4244: “=”: 从“int”转换到“float”，可能丢失数据
D:\上大课程\计算机图形学\src\computer-graphic-labs4.0\ComputerGraphicLab\Painting.h(1323,9): warning C4244: “=”: 从“float”转换到“int”，可能丢失数据
D:\上大课程\计算机图形学\src\computer-graphic-labs4.0\ComputerGraphicLab\Painting.h(1324,9): warning C4244: “=”: 从“float”转换到“int”，可能丢失数据
D:\上大课程\计算机图形学\src\computer-graphic-labs4.0\ComputerGraphicLab\Painting.h(1329,9): warning C4244: “=”: 从“float”转换到“int”，可能丢失数据
D:\上大课程\计算机图形学\src\computer-graphic-labs4.0\ComputerGraphicLab\Painting.h(1330,9): warning C4244: “=”: 从“float”转换到“int”，可能丢失数据
D:\上大课程\计算机图形学\src\computer-graphic-labs4.0\ComputerGraphicLab\Painting.h(1350,21): warning C4244: “参数”: 从“int”转换到“float”，可能丢失数据
D:\上大课程\计算机图形学\src\computer-graphic-labs4.0\ComputerGraphicLab\Painting.h(1350,17): warning C4244: “参数”: 从“int”转换到“float”，可能丢失数据
D:\上大课程\计算机图形学\src\computer-graphic-labs4.0\ComputerGraphicLab\Painting.h(1351,21): warning C4244: “参数”: 从“int”转换到“float”，可能丢失数据
D:\上大课程\计算机图形学\src\computer-graphic-labs4.0\ComputerGraphicLab\Painting.h(1351,17): warning C4244: “参数”: 从“int”转换到“float”，可能丢失数据
D:\上大课程\计算机图形学\src\computer-graphic-labs4.0\ComputerGraphicLab\Painting.h(1358,17): warning C4244: “=”: 从“double”转换到“float”，可能丢失数据
D:\上大课程\计算机图形学\src\computer-graphic-labs4.0\ComputerGraphicLab\Painting.h(1359,17): warning C4244: “=”: 从“double”转换到“float”，可能丢失数据
D:\上大课程\计算机图形学\src\computer-graphic-labs4.0\ComputerGraphicLab\Painting.h(1363,9): warning C4244: “=”: 从“float”转换到“int”，可能丢失数据
D:\上大课程\计算机图形学\src\computer-graphic-labs4.0\ComputerGraphicLab\Painting.h(1363,17): warning C4244: “=”: 从“float”转换到“int”，可能丢失数据
D:\上大课程\计算机图形学\src\computer-graphic-labs4.0\ComputerGraphicLab\Painting.h(1368,9): warning C4244: “=”: 从“float”转换到“int”，可能丢失数据
D:\上大课程\计算机图形学\src\computer-graphic-labs4.0\ComputerGraphicLab\Painting.h(1368,17): warning C4244: “=”: 从“float”转换到“int”，可能丢失数据
D:\上大课程\计算机图形学\src\computer-graphic-labs4.0\ComputerGraphicLab\Painting.h(1368,39): warning C4244: “参数”: 从“int”转换到“float”，可能丢失数据
D:\上大课程\计算机图形学\src\computer-graphic-labs4.0\ComputerGraphicLab\Painting.h(1368,35): warning C4244: “参数”: 从“int”转换到“float”，可能丢失数据
D:\上大课程\计算机图形学\src\computer-graphic-labs4.0\ComputerGraphicLab\Painting.h(1372,9): warning C4244: “=”: 从“float”转换到“int”，可能丢失数据
D:\上大课程\计算机图形学\src\computer-graphic-labs4.0\ComputerGraphicLab\Painting.h(1372,17): warning C4244: “=”: 从“float”转换到“int”，可能丢失数据
D:\上大课程\计算机图形学\src\computer-graphic-labs4.0\ComputerGraphicLab\Painting.h(1379,17): warning C4244: “=”: 从“double”转换到“float”，可能丢失数据
D:\上大课程\计算机图形学\src\computer-graphic-labs4.0\ComputerGraphicLab\Painting.h(1380,17): warning C4244: “=”: 从“double”转换到“float”，可能丢失数据
D:\上大课程\计算机图形学\src\computer-graphic-labs4.0\ComputerGraphicLab\Painting.h(1384,9): warning C4244: “=”: 从“float”转换到“int”，可能丢失数据
D:\上大课程\计算机图形学\src\computer-graphic-labs4.0\ComputerGraphicLab\Painting.h(1384,17): warning C4244: “=”: 从“float”转换到“int”，可能丢失数据
D:\上大课程\计算机图形学\src\computer-graphic-labs4.0\ComputerGraphicLab\Painting.h(1389,9): warning C4244: “=”: 从“float”转换到“int”，可能丢失数据
D:\上大课程\计算机图形学\src\computer-graphic-labs4.0\ComputerGraphicLab\Painting.h(1389,17): warning C4244: “=”: 从“float”转换到“int”，可能丢失数据
D:\上大课程\计算机图形学\src\computer-graphic-labs4.0\ComputerGraphicLab\Painting.h(1389,39): warning C4244: “参数”: 从“int”转换到“float”，可能丢失数据
D:\上大课程\计算机图形学\src\computer-graphic-labs4.0\ComputerGraphicLab\Painting.h(1389,35): warning C4244: “参数”: 从“int”转换到“float”，可能丢失数据
D:\上大课程\计算机图形学\src\computer-graphic-labs4.0\ComputerGraphicLab\Painting.h(1393,9): warning C4244: “=”: 从“float”转换到“int”，可能丢失数据
D:\上大课程\计算机图形学\src\computer-graphic-labs4.0\ComputerGraphicLab\Painting.h(1393,17): warning C4244: “=”: 从“float”转换到“int”，可能丢失数据
D:\上大课程\计算机图形学\src\computer-graphic-labs4.0\ComputerGraphicLab\Painting.h(1452,35): warning C4244: “参数”: 从“double”转换到“int”，可能丢失数据
D:\上大课程\计算机图形学\src\computer-graphic-labs4.0\ComputerGraphicLab\Painting.h(1453,35): warning C4244: “参数”: 从“double”转换到“int”，可能丢失数据
D:\上大课程\计算机图形学\src\computer-graphic-labs4.0\ComputerGraphicLab\Painting.h(1504,35): warning C4244: “参数”: 从“double”转换到“int”，可能丢失数据
D:\上大课程\计算机图形学\src\computer-graphic-labs4.0\ComputerGraphicLab\Painting.h(1505,35): warning C4244: “参数”: 从“double”转换到“int”，可能丢失数据
D:\上大课程\计算机图形学\src\computer-graphic-labs4.0\ComputerGraphicLab\Painting.h(1655,36): warning C4244: “=”: 从“double”转换到“int”，可能丢失数据
D:\上大课程\计算机图形学\src\computer-graphic-labs4.0\ComputerGraphicLab\Painting.h(1665,36): warning C4244: “=”: 从“double”转换到“int”，可能丢失数据
D:\上大课程\计算机图形学\src\computer-graphic-labs4.0\ComputerGraphicLab\Painting.h(1666,36): warning C4244: “=”: 从“double”转换到“int”，可能丢失数据
D:\上大课程\计算机图形学\src\computer-graphic-labs4.0\ComputerGraphicLab\Baby.h(103,22): warning C4244: “=”: 从“double”转换到“int”，可能丢失数据
D:\上大课程\计算机图形学\src\computer-graphic-labs4.0\ComputerGraphicLab\Baby.h(126,22): warning C4244: “=”: 从“double”转换到“int”，可能丢失数据
D:\上大课程\计算机图形学\src\computer-graphic-labs4.0\ComputerGraphicLab\Baby.h(196,26): warning C4838: 从“double”转换到“int”需要收缩转换
D:\上大课程\计算机图形学\src\computer-graphic-labs4.0\ComputerGraphicLab\Baby.h(196,26): warning C4244: “初始化”: 从“double”转换到“int”，可能丢失数据
D:\上大课程\计算机图形学\src\computer-graphic-labs4.0\ComputerGraphicLab\Baby.h(197,14): warning C4838: 从“double”转换到“int”需要收缩转换
D:\上大课程\计算机图形学\src\computer-graphic-labs4.0\ComputerGraphicLab\Baby.h(197,14): warning C4244: “初始化”: 从“double”转换到“int”，可能丢失数据
D:\上大课程\计算机图形学\src\computer-graphic-labs4.0\ComputerGraphicLab\Baby.h(198,14): warning C4838: 从“double”转换到“int”需要收缩转换
D:\上大课程\计算机图形学\src\computer-graphic-labs4.0\ComputerGraphicLab\Baby.h(198,14): warning C4244: “初始化”: 从“double”转换到“int”，可能丢失数据
D:\上大课程\计算机图形学\src\computer-graphic-labs4.0\ComputerGraphicLab\Baby.h(199,14): warning C4838: 从“double”转换到“int”需要收缩转换
D:\上大课程\计算机图形学\src\computer-graphic-labs4.0\ComputerGraphicLab\Baby.h(199,14): warning C4244: “初始化”: 从“double”转换到“int”，可能丢失数据
D:\上大课程\计算机图形学\src\computer-graphic-labs4.0\ComputerGraphicLab\Baby.h(200,14): warning C4838: 从“double”转换到“int”需要收缩转换
D:\上大课程\计算机图形学\src\computer-graphic-labs4.0\ComputerGraphicLab\Baby.h(200,14): warning C4244: “初始化”: 从“double”转换到“int”，可能丢失数据
D:\上大课程\计算机图形学\src\computer-graphic-labs4.0\ComputerGraphicLab\Baby.h(263,22): warning C4244: “=”: 从“double”转换到“int”，可能丢失数据
D:\上大课程\计算机图形学\src\computer-graphic-labs4.0\ComputerGraphicLab\Baby.h(286,22): warning C4244: “=”: 从“double”转换到“int”，可能丢失数据
D:\上大课程\计算机图形学\src\computer-graphic-labs4.0\ComputerGraphicLab\Baby.h(351,26): warning C4838: 从“double”转换到“int”需要收缩转换
D:\上大课程\计算机图形学\src\computer-graphic-labs4.0\ComputerGraphicLab\Baby.h(351,26): warning C4244: “初始化”: 从“double”转换到“int”，可能丢失数据
D:\上大课程\计算机图形学\src\computer-graphic-labs4.0\ComputerGraphicLab\Baby.h(352,14): warning C4838: 从“double”转换到“int”需要收缩转换
D:\上大课程\计算机图形学\src\computer-graphic-labs4.0\ComputerGraphicLab\Baby.h(352,14): warning C4244: “初始化”: 从“double”转换到“int”，可能丢失数据
D:\上大课程\计算机图形学\src\computer-graphic-labs4.0\ComputerGraphicLab\Baby.h(353,14): warning C4838: 从“double”转换到“int”需要收缩转换
D:\上大课程\计算机图形学\src\computer-graphic-labs4.0\ComputerGraphicLab\Baby.h(353,14): warning C4244: “初始化”: 从“double”转换到“int”，可能丢失数据
D:\上大课程\计算机图形学\src\computer-graphic-labs4.0\ComputerGraphicLab\Baby.h(354,14): warning C4838: 从“double”转换到“int”需要收缩转换
D:\上大课程\计算机图形学\src\computer-graphic-labs4.0\ComputerGraphicLab\Baby.h(354,14): warning C4244: “初始化”: 从“double”转换到“int”，可能丢失数据
D:\上大课程\计算机图形学\src\computer-graphic-labs4.0\ComputerGraphicLab\Baby.h(355,14): warning C4838: 从“double”转换到“int”需要收缩转换
D:\上大课程\计算机图形学\src\computer-graphic-labs4.0\ComputerGraphicLab\Baby.h(355,14): warning C4244: “初始化”: 从“double”转换到“int”，可能丢失数据
D:\上大课程\计算机图形学\src\computer-graphic-labs4.0\ComputerGraphicLab\Sun.h(61,9): warning C4244: “=”: 从“double”转换到“int”，可能丢失数据
D:\上大课程\计算机图形学\src\computer-graphic-labs4.0\ComputerGraphicLab\Sun.h(80,9): warning C4244: “=”: 从“double”转换到“int”，可能丢失数据
D:\上大课程\计算机图形学\src\computer-graphic-labs4.0\ComputerGraphicLab\main.cpp(337,70): warning C4267: “参数”: 从“size_t”转换到“int”，可能丢失数据
D:\上大课程\计算机图形学\src\computer-graphic-labs4.0\ComputerGraphicLab\main.cpp(339,59): warning C4267: “参数”: 从“size_t”转换到“int”，可能丢失数据
D:\上大课程\计算机图形学\src\computer-graphic-labs4.0\ComputerGraphicLab\main.cpp(340,57): warning C4267: “参数”: 从“size_t”转换到“int”，可能丢失数据
D:\上大课程\计算机图形学\src\computer-graphic-labs4.0\ComputerGraphicLab\main.cpp(386,70): warning C4267: “参数”: 从“size_t”转换到“int”，可能丢失数据
D:\上大课程\计算机图形学\src\computer-graphic-labs4.0\ComputerGraphicLab\main.cpp(388,59): warning C4267: “参数”: 从“size_t”转换到“int”，可能丢失数据
D:\上大课程\计算机图形学\src\computer-graphic-labs4.0\ComputerGraphicLab\main.cpp(390,57): warning C4267: “参数”: 从“size_t”转换到“int”，可能丢失数据
  ComputerGraphicLab.vcxproj -> D:\上大课程\计算机图形学\src\computer-graphic-labs4.0\x64\Debug\ComputerGraphicLab.exe
