f:\vs_new\computer-graphic-labs2.0\computer-graphic-labs2.0\computergraphiclab\x64\debug\vc143.pdb
f:\vs_new\computer-graphic-labs2.0\computer-graphic-labs2.0\computergraphiclab\x64\debug\vc143.idb
f:\vs_new\computer-graphic-labs2.0\computer-graphic-labs2.0\computergraphiclab\x64\debug\solidcircleshape.obj
f:\vs_new\computer-graphic-labs2.0\computer-graphic-labs2.0\computergraphiclab\x64\debug\shape.obj
f:\vs_new\computer-graphic-labs2.0\computer-graphic-labs2.0\computergraphiclab\x64\debug\main.obj
f:\vs_new\computer-graphic-labs2.0\computer-graphic-labs2.0\computergraphiclab\x64\debug\lineshape.obj
f:\vs_new\computer-graphic-labs2.0\computer-graphic-labs2.0\x64\debug\computergraphiclab.exe
f:\vs_new\computer-graphic-labs2.0\computer-graphic-labs2.0\computergraphiclab\x64\debug\computergraphiclab.ilk
f:\vs_new\computer-graphic-labs2.0\computer-graphic-labs2.0\x64\debug\computergraphiclab.pdb
d:\上大课程\计算机图形学\src\computer-graphic-labs3.0\computergraphiclab\x64\debug\action.obj
d:\上大课程\计算机图形学\src\computer-graphic-labs3.0\computergraphiclab\x64\debug\baby.obj
d:\上大课程\计算机图形学\src\computer-graphic-labs3.0\computergraphiclab\x64\debug\dipsy.obj
d:\上大课程\计算机图形学\src\computer-graphic-labs3.0\computergraphiclab\x64\debug\laalaa.obj
d:\上大课程\计算机图形学\src\computer-graphic-labs3.0\computergraphiclab\x64\debug\lineshape.obj
d:\上大课程\计算机图形学\src\computer-graphic-labs3.0\computergraphiclab\x64\debug\main.obj
d:\上大课程\计算机图形学\src\computer-graphic-labs3.0\computergraphiclab\x64\debug\painting.obj
d:\上大课程\计算机图形学\src\computer-graphic-labs3.0\computergraphiclab\x64\debug\po.obj
d:\上大课程\计算机图形学\src\computer-graphic-labs3.0\computergraphiclab\x64\debug\shape.obj
d:\上大课程\计算机图形学\src\computer-graphic-labs3.0\computergraphiclab\x64\debug\solidcircleshape.obj
d:\上大课程\计算机图形学\src\computer-graphic-labs3.0\computergraphiclab\x64\debug\tinky.obj
d:\上大课程\计算机图形学\src\computer-graphic-labs3.0\computergraphiclab\x64\debug\computergraphiclab.ilk
d:\上大课程\计算机图形学\src\computer-graphic-labs3.0\computergraphiclab\x64\debug\vc142.idb
d:\上大课程\计算机图形学\src\computer-graphic-labs3.0\computergraphiclab\x64\debug\vc143.idb
d:\上大课程\计算机图形学\src\computer-graphic-labs3.0\computergraphiclab\x64\debug\vc142.pdb
d:\上大课程\计算机图形学\src\computer-graphic-labs3.0\computergraphiclab\x64\debug\vc143.pdb
d:\上大课程\计算机图形学\src\computer-graphic-labs3.0\x64\debug\computergraphiclab.pdb
d:\上大课程\计算机图形学\src\computer-graphic-labs3.0\x64\debug\computergraphiclab.exe
d:\上大课程\计算机图形学\src\computer-graphic-labs3.0\computergraphiclab\x64\debug\computer.d7935dad.tlog\cl.command.1.tlog
d:\上大课程\计算机图形学\src\computer-graphic-labs3.0\computergraphiclab\x64\debug\computer.d7935dad.tlog\cl.read.1.tlog
d:\上大课程\计算机图形学\src\computer-graphic-labs3.0\computergraphiclab\x64\debug\computer.d7935dad.tlog\cl.write.1.tlog
d:\上大课程\计算机图形学\src\computer-graphic-labs3.0\computergraphiclab\x64\debug\computer.d7935dad.tlog\link.command.1.tlog
d:\上大课程\计算机图形学\src\computer-graphic-labs3.0\computergraphiclab\x64\debug\computer.d7935dad.tlog\link.read.1.tlog
d:\上大课程\计算机图形学\src\computer-graphic-labs3.0\computergraphiclab\x64\debug\computer.d7935dad.tlog\link.write.1.tlog
